Arguments: 
  C:\Program Files\nodejs\node.exe C:\Program Files\nodejs\node_modules\yarn\bin\yarn.js add @urql/core

PATH: 
  C:\Python27\;C:\Python27\Scripts;C:\Program Files (x86)\Common Files\Oracle\Java\javapath;C:\Windows\system32;C:\Windows;C:\Windows\System32\Wbem;C:\Windows\System32\WindowsPowerShell\v1.0\;C:\Windows\System32\OpenSSH\;C:\Program Files (x86)\NVIDIA Corporation\PhysX\Common;C:\Program Files\Intel\WiFi\bin\;C:\Program Files\Common Files\Intel\WirelessCommon\;C:\Program Files\dotnet\;C:\Program Files\Microsoft SQL Server\130\Tools\Binn\;C:\Program Files\Git\cmd;C:\Program Files\Pandoc\;C:\WINDOWS\system32;C:\WINDOWS;C:\WINDOWS\System32\Wbem;C:\WINDOWS\System32\WindowsPowerShell\v1.0\;C:\WINDOWS\System32\OpenSSH\;C:\Program Files\NVIDIA Corporation\NVIDIA NvDLISR;C:\Users\manoj\AppData\Local\Android\Sdk\platform-tools;C:\Users\Me\AppData\Local\Android\Sdk;C:\Users\Me\AppData\Local\Android\Sdk\tools;C:\Users\Me\AppData\Local\Android\Sdk\tools\bin;;C:\Program Files\remoteit\resources\x64;C:\Users\manoj\.dnx\bin;C:\Program Files\Microsoft DNX\Dnvm\;C:\Program Files\Microsoft SQL Server\120\Tools\Binn\;C:\Program Files\nodejs\;C:\Program Files (x86)\Microsoft SQL Server\90\Tools\binn\;C:\ProgramData\chocolatey\bin;C:\TDM-GCC-64\bin;C:\Program Files\Go\bin;C:\Program Files\Docker\Docker\resources\bin;C:\ProgramData\DockerDesktop\version-bin;%SystemRoot%\system32;%SystemRoot%;%SystemRoot%\System32\Wbem;%SYSTEMROOT%\System32\WindowsPowerShell\v1.0\;%SYSTEMROOT%\System32\OpenSSH\;C:\Users\manoj\AppData\Local\ActiveState\StateTool\release;C:\Users\manoj\AppData\Local\activestate\cache\bin;C:\Users\manoj\AppData\Local\Microsoft\WindowsApps;C:\Program Files\heroku\bin;C:\Program Files\JetBrains\PyCharm 2020.1.2\bin;C:\Users\manoj\.poetry\bin;E:\packages\flutter_windows_2.8.1-stable\flutter\bin;C:\Users\manoj\flutter\bin;C:\Program Files\JetBrains\WebStorm 2020.2.3\bin;C:\Program Files\JetBrains\PyCharm Community Edition 2020.2.3\bin;C:\Users\manoj\.deno\bin;C:\Program Files\MongoDB\Server\4.4\bin\;C:\Users\manoj\AppData\Local\Android\Sdk\platform-tools;C:\Users\Me\AppData\Local\Android\Sdk\emulator;C:\Users\Me\AppData\Local\Android\Sdk;C:\Users\Me\AppData\Local\Android\Sdk\tools;C:\Users\Me\AppData\Local\Android\Sdk\tools\bin;C:\Users\manoj\AppData\Local\Programs\Microsoft VS Code Insiders\bin;C:\Users\manoj\AppData\Local\Programs\Microsoft VS Code\bin;C:\Users\manoj\.dotnet\tools;C:;C:\Users\manoj\AppData\Local\;C:\Program Files\MongoDB\Server\4.4\bin;C:\Users\manoj\AppData\Local\Progra

Yarn version: 
  1.22.10

Node version: 
  16.13.0

Platform: 
  win32 x64

Trace: 
  Error: EPERM: operation not permitted, unlink 'E:\solidjs\solidjs-tw-app\node_modules\esbuild-windows-64\esbuild.exe'

npm manifest: 
  {
    "name": "vite-template-solid",
    "version": "0.0.0",
    "description": "",
    "scripts": {
      "start": "vite",
      "dev": "vite",
      "build": "vite build",
      "serve": "vite preview"
    },
    "license": "MIT",
    "devDependencies": {
      "autoprefixer": "^10.4.7",
      "postcss": "^8.4.14",
      "tailwindcss": "^3.0.24",
      "vite": "^2.9.9",
      "vite-plugin-solid": "^2.2.6"
    },
    "dependencies": {
      "solid-app-router": "^0.3.3",
      "solid-js": "^1.4.2"
    }
  }

yarn manifest: 
  No manifest

Lockfile: 
  # THIS IS AN AUTOGENERATED FILE. DO NOT EDIT THIS FILE DIRECTLY.
  # yarn lockfile v1
  
  
  "@ampproject/remapping@^2.1.0":
    "integrity" "sha512-qRmjj8nj9qmLTQXXmaR1cck3UXSRMPrbsLJAasZpF+t3riI71BXed5ebIOYwQntykeZuhjsdweEc9BxH5Jc26w=="
    "resolved" "https://registry.npmjs.org/@ampproject/remapping/-/remapping-2.2.0.tgz"
    "version" "2.2.0"
    dependencies:
      "@jridgewell/gen-mapping" "^0.1.0"
      "@jridgewell/trace-mapping" "^0.3.9"
  
  "@babel/code-frame@^7.16.7":
    "integrity" "sha512-iAXqUn8IIeBTNd72xsFlgaXHkMBMt6y4HJp1tIaK465CWLT/fG1aqB7ykr95gHHmlBdGbFeWWfyB4NJJ0nmeIg=="
    "resolved" "https://registry.npmjs.org/@babel/code-frame/-/code-frame-7.16.7.tgz"
    "version" "7.16.7"
    dependencies:
      "@babel/highlight" "^7.16.7"
  
  "@babel/compat-data@^7.17.10":
    "integrity" "sha512-GZt/TCsG70Ms19gfZO1tM4CVnXsPgEPBCpJu+Qz3L0LUDsY5nZqFZglIoPC1kIYOtNBZlrnFT+klg12vFGZXrw=="
    "resolved" "https://registry.npmjs.org/@babel/compat-data/-/compat-data-7.17.10.tgz"
    "version" "7.17.10"
  
  "@babel/core@^7.0.0", "@babel/core@^7.0.0-0", "@babel/core@^7.16.12":
    "integrity" "sha512-A8pri1YJiC5UnkdrWcmfZTJTV85b4UXTAfImGmCfYmax4TR9Cw8sDS0MOk++Gp2mE/BefVJ5nwy5yzqNJbP/DQ=="
    "resolved" "https://registry.npmjs.org/@babel/core/-/core-7.18.2.tgz"
    "version" "7.18.2"
    dependencies:
      "@ampproject/remapping" "^2.1.0"
      "@babel/code-frame" "^7.16.7"
      "@babel/generator" "^7.18.2"
      "@babel/helper-compilation-targets" "^7.18.2"
      "@babel/helper-module-transforms" "^7.18.0"
      "@babel/helpers" "^7.18.2"
      "@babel/parser" "^7.18.0"
      "@babel/template" "^7.16.7"
      "@babel/traverse" "^7.18.2"
      "@babel/types" "^7.18.2"
      "convert-source-map" "^1.7.0"
      "debug" "^4.1.0"
      "gensync" "^1.0.0-beta.2"
      "json5" "^2.2.1"
      "semver" "^6.3.0"
  
  "@babel/generator@^7.16.0", "@babel/generator@^7.18.2":
    "integrity" "sha512-W1lG5vUwFvfMd8HVXqdfbuG7RuaSrTCCD8cl8fP8wOivdbtbIg2Db3IWUcgvfxKbbn6ZBGYRW/Zk1MIwK49mgw=="
    "resolved" "https://registry.npmjs.org/@babel/generator/-/generator-7.18.2.tgz"
    "version" "7.18.2"
    dependencies:
      "@babel/types" "^7.18.2"
      "@jridgewell/gen-mapping" "^0.3.0"
      "jsesc" "^2.5.1"
  
  "@babel/helper-annotate-as-pure@^7.16.7":
    "integrity" "sha512-s6t2w/IPQVTAET1HitoowRGXooX8mCgtuP5195wD/QJPV6wYjpujCGF7JuMODVX2ZAJOf1GT6DT9MHEZvLOFSw=="
    "resolved" "https://registry.npmjs.org/@babel/helper-annotate-as-pure/-/helper-annotate-as-pure-7.16.7.tgz"
    "version" "7.16.7"
    dependencies:
      "@babel/types" "^7.16.7"
  
  "@babel/helper-compilation-targets@^7.18.2":
    "integrity" "sha512-s1jnPotJS9uQnzFtiZVBUxe67CuBa679oWFHpxYYnTpRL/1ffhyX44R9uYiXoa/pLXcY9H2moJta0iaanlk/rQ=="
    "resolved" "https://registry.npmjs.org/@babel/helper-compilation-targets/-/helper-compilation-targets-7.18.2.tgz"
    "version" "7.18.2"
    dependencies:
      "@babel/compat-data" "^7.17.10"
      "@babel/helper-validator-option" "^7.16.7"
      "browserslist" "^4.20.2"
      "semver" "^6.3.0"
  
  "@babel/helper-create-class-features-plugin@^7.18.0":
    "integrity" "sha512-Kh8zTGR9de3J63e5nS0rQUdRs/kbtwoeQQ0sriS0lItjC96u8XXZN6lKpuyWd2coKSU13py/y+LTmThLuVX0Pg=="
    "resolved" "https://registry.npmjs.org/@babel/helper-create-class-features-plugin/-/helper-create-class-features-plugin-7.18.0.tgz"
    "version" "7.18.0"
    dependencies:
      "@babel/helper-annotate-as-pure" "^7.16.7"
      "@babel/helper-environment-visitor" "^7.16.7"
      "@babel/helper-function-name" "^7.17.9"
      "@babel/helper-member-expression-to-functions" "^7.17.7"
      "@babel/helper-optimise-call-expression" "^7.16.7"
      "@babel/helper-replace-supers" "^7.16.7"
      "@babel/helper-split-export-declaration" "^7.16.7"
  
  "@babel/helper-environment-visitor@^7.16.7", "@babel/helper-environment-visitor@^7.18.2":
    "integrity" "sha512-14GQKWkX9oJzPiQQ7/J36FTXcD4kSp8egKjO9nINlSKiHITRA9q/R74qu8S9xlc/b/yjsJItQUeeh3xnGN0voQ=="
    "resolved" "https://registry.npmjs.org/@babel/helper-environment-visitor/-/helper-environment-visitor-7.18.2.tgz"
    "version" "7.18.2"
  
  "@babel/helper-function-name@^7.17.9":
    "integrity" "sha512-7cRisGlVtiVqZ0MW0/yFB4atgpGLWEHUVYnb448hZK4x+vih0YO5UoS11XIYtZYqHd0dIPMdUSv8q5K4LdMnIg=="
    "resolved" "https://registry.npmjs.org/@babel/helper-function-name/-/helper-function-name-7.17.9.tgz"
    "version" "7.17.9"
    dependencies:
      "@babel/template" "^7.16.7"
      "@babel/types" "^7.17.0"
  
  "@babel/helper-hoist-variables@^7.16.7":
    "integrity" "sha512-m04d/0Op34H5v7pbZw6pSKP7weA6lsMvfiIAMeIvkY/R4xQtBSMFEigu9QTZ2qB/9l22vsxtM8a+Q8CzD255fg=="
    "resolved" "https://registry.npmjs.org/@babel/helper-hoist-variables/-/helper-hoist-variables-7.16.7.tgz"
    "version" "7.16.7"
    dependencies:
      "@babel/types" "^7.16.7"
  
  "@babel/helper-member-expression-to-functions@^7.17.7":
    "integrity" "sha512-thxXgnQ8qQ11W2wVUObIqDL4p148VMxkt5T/qpN5k2fboRyzFGFmKsTGViquyM5QHKUy48OZoca8kw4ajaDPyw=="
    "resolved" "https://registry.npmjs.org/@babel/helper-member-expression-to-functions/-/helper-member-expression-to-functions-7.17.7.tgz"
    "version" "7.17.7"
    dependencies:
      "@babel/types" "^7.17.0"
  
  "@babel/helper-module-imports@^7.16.0", "@babel/helper-module-imports@^7.16.7":
    "integrity" "sha512-LVtS6TqjJHFc+nYeITRo6VLXve70xmq7wPhWTqDJusJEgGmkAACWwMiTNrvfoQo6hEhFwAIixNkvB0jPXDL8Wg=="
    "resolved" "https://registry.npmjs.org/@babel/helper-module-imports/-/helper-module-imports-7.16.7.tgz"
    "version" "7.16.7"
    dependencies:
      "@babel/types" "^7.16.7"
  
  "@babel/helper-module-imports@7.16.0":
    "integrity" "sha512-kkH7sWzKPq0xt3H1n+ghb4xEMP8k0U7XV3kkB+ZGy69kDk2ySFW1qPi06sjKzFY3t1j6XbJSqr4mF9L7CYVyhg=="
    "resolved" "https://registry.npmjs.org/@babel/helper-module-imports/-/helper-module-imports-7.16.0.tgz"
    "version" "7.16.0"
    dependencies:
      "@babel/types" "^7.16.0"
  
  "@babel/helper-module-transforms@^7.18.0":
    "integrity" "sha512-kclUYSUBIjlvnzN2++K9f2qzYKFgjmnmjwL4zlmU5f8ZtzgWe8s0rUPSTGy2HmK4P8T52MQsS+HTQAgZd3dMEA=="
    "resolved" "https://registry.npmjs.org/@babel/helper-module-transforms/-/helper-module-transforms-7.18.0.tgz"
    "version" "7.18.0"
    dependencies:
      "@babel/helper-environment-visitor" "^7.16.7"
      "@babel/helper-module-imports" "^7.16.7"
      "@babel/helper-simple-access" "^7.17.7"
      "@babel/helper-split-export-declaration" "^7.16.7"
      "@babel/helper-validator-identifier" "^7.16.7"
      "@babel/template" "^7.16.7"
      "@babel/traverse" "^7.18.0"
      "@babel/types" "^7.18.0"
  
  "@babel/helper-optimise-call-expression@^7.16.7":
    "integrity" "sha512-EtgBhg7rd/JcnpZFXpBy0ze1YRfdm7BnBX4uKMBd3ixa3RGAE002JZB66FJyNH7g0F38U05pXmA5P8cBh7z+1w=="
    "resolved" "https://registry.npmjs.org/@babel/helper-optimise-call-expression/-/helper-optimise-call-expression-7.16.7.tgz"
    "version" "7.16.7"
    dependencies:
      "@babel/types" "^7.16.7"
  
  "@babel/helper-plugin-utils@^7.17.12":
    "integrity" "sha512-JDkf04mqtN3y4iAbO1hv9U2ARpPyPL1zqyWs/2WG1pgSq9llHFjStX5jdxb84himgJm+8Ng+x0oiWF/nw/XQKA=="
    "resolved" "https://registry.npmjs.org/@babel/helper-plugin-utils/-/helper-plugin-utils-7.17.12.tgz"
    "version" "7.17.12"
  
  "@babel/helper-replace-supers@^7.16.7":
    "integrity" "sha512-XzAIyxx+vFnrOxiQrToSUOzUOn0e1J2Li40ntddek1Y69AXUTXoDJ40/D5RdjFu7s7qHiaeoTiempZcbuVXh2Q=="
    "resolved" "https://registry.npmjs.org/@babel/helper-replace-supers/-/helper-replace-supers-7.18.2.tgz"
    "version" "7.18.2"
    dependencies:
      "@babel/helper-environment-visitor" "^7.18.2"
      "@babel/helper-member-expression-to-functions" "^7.17.7"
      "@babel/helper-optimise-call-expression" "^7.16.7"
      "@babel/traverse" "^7.18.2"
      "@babel/types" "^7.18.2"
  
  "@babel/helper-simple-access@^7.17.7":
    "integrity" "sha512-7LIrjYzndorDY88MycupkpQLKS1AFfsVRm2k/9PtKScSy5tZq0McZTj+DiMRynboZfIqOKvo03pmhTaUgiD6fQ=="
    "resolved" "https://registry.npmjs.org/@babel/helper-simple-access/-/helper-simple-access-7.18.2.tgz"
    "version" "7.18.2"
    dependencies:
      "@babel/types" "^7.18.2"
  
  "@babel/helper-split-export-declaration@^7.16.7":
    "integrity" "sha512-xbWoy/PFoxSWazIToT9Sif+jJTlrMcndIsaOKvTA6u7QEo7ilkRZpjew18/W3c7nm8fXdUDXh02VXTbZ0pGDNw=="
    "resolved" "https://registry.npmjs.org/@babel/helper-split-export-declaration/-/helper-split-export-declaration-7.16.7.tgz"
    "version" "7.16.7"
    dependencies:
      "@babel/types" "^7.16.7"
  
  "@babel/helper-validator-identifier@^7.16.7":
    "integrity" "sha512-hsEnFemeiW4D08A5gUAZxLBTXpZ39P+a+DGDsHw1yxqyQ/jzFEnxf5uTEGp+3bzAbNOxU1paTgYS4ECU/IgfDw=="
    "resolved" "https://registry.npmjs.org/@babel/helper-validator-identifier/-/helper-validator-identifier-7.16.7.tgz"
    "version" "7.16.7"
  
  "@babel/helper-validator-option@^7.16.7":
    "integrity" "sha512-TRtenOuRUVo9oIQGPC5G9DgK4743cdxvtOw0weQNpZXaS16SCBi5MNjZF8vba3ETURjZpTbVn7Vvcf2eAwFozQ=="
    "resolved" "https://registry.npmjs.org/@babel/helper-validator-option/-/helper-validator-option-7.16.7.tgz"
    "version" "7.16.7"
  
  "@babel/helpers@^7.18.2":
    "integrity" "sha512-j+d+u5xT5utcQSzrh9p+PaJX94h++KN+ng9b9WEJq7pkUPAd61FGqhjuUEdfknb3E/uDBb7ruwEeKkIxNJPIrg=="
    "resolved" "https://registry.npmjs.org/@babel/helpers/-/helpers-7.18.2.tgz"
    "version" "7.18.2"
    dependencies:
      "@babel/template" "^7.16.7"
      "@babel/traverse" "^7.18.2"
      "@babel/types" "^7.18.2"
  
  "@babel/highlight@^7.16.7":
    "integrity" "sha512-7yykMVF3hfZY2jsHZEEgLc+3x4o1O+fYyULu11GynEUQNwB6lua+IIQn1FiJxNucd5UlyJryrwsOh8PL9Sn8Qg=="
    "resolved" "https://registry.npmjs.org/@babel/highlight/-/highlight-7.17.12.tgz"
    "version" "7.17.12"
    dependencies:
      "@babel/helper-validator-identifier" "^7.16.7"
      "chalk" "^2.0.0"
      "js-tokens" "^4.0.0"
  
  "@babel/parser@^7.16.7", "@babel/parser@^7.18.0":
    "integrity" "sha512-FDge0dFazETFcxGw/EXzOkN8uJp0PC7Qbm+Pe9T+av2zlBpOgunFHkQPPn+eRuClU73JF+98D531UgayY89tow=="
    "resolved" "https://registry.npmjs.org/@babel/parser/-/parser-7.18.4.tgz"
    "version" "7.18.4"
  
  "@babel/plugin-syntax-jsx@^7.16.5":
    "integrity" "sha512-spyY3E3AURfxh/RHtjx5j6hs8am5NbUBGfcZ2vB3uShSpZdQyXSf5rR5Mk76vbtlAZOelyVQ71Fg0x9SG4fsog=="
    "resolved" "https://registry.npmjs.org/@babel/plugin-syntax-jsx/-/plugin-syntax-jsx-7.17.12.tgz"
    "version" "7.17.12"
    dependencies:
      "@babel/helper-plugin-utils" "^7.17.12"
  
  "@babel/plugin-syntax-typescript@^7.17.12":
    "integrity" "sha512-TYY0SXFiO31YXtNg3HtFwNJHjLsAyIIhAhNWkQ5whPPS7HWUFlg9z0Ta4qAQNjQbP1wsSt/oKkmZ/4/WWdMUpw=="
    "resolved" "https://registry.npmjs.org/@babel/plugin-syntax-typescript/-/plugin-syntax-typescript-7.17.12.tgz"
    "version" "7.17.12"
    dependencies:
      "@babel/helper-plugin-utils" "^7.17.12"
  
  "@babel/plugin-transform-typescript@^7.17.12":
    "integrity" "sha512-l4vHuSLUajptpHNEOUDEGsnpl9pfRLsN1XUoDQDD/YBuXTM+v37SHGS+c6n4jdcZy96QtuUuSvZYMLSSsjH8Mw=="
    "resolved" "https://registry.npmjs.org/@babel/plugin-transform-typescript/-/plugin-transform-typescript-7.18.4.tgz"
    "version" "7.18.4"
    dependencies:
      "@babel/helper-create-class-features-plugin" "^7.18.0"
      "@babel/helper-plugin-utils" "^7.17.12"
      "@babel/plugin-syntax-typescript" "^7.17.12"
  
  "@babel/preset-typescript@^7.16.7":
    "integrity" "sha512-S1ViF8W2QwAKUGJXxP9NAfNaqGDdEBJKpYkxHf5Yy2C4NPPzXGeR3Lhk7G8xJaaLcFTRfNjVbtbVtm8Gb0mqvg=="
    "resolved" "https://registry.npmjs.org/@babel/preset-typescript/-/preset-typescript-7.17.12.tgz"
    "version" "7.17.12"
    dependencies:
      "@babel/helper-plugin-utils" "^7.17.12"
      "@babel/helper-validator-option" "^7.16.7"
      "@babel/plugin-transform-typescript" "^7.17.12"
  
  "@babel/template@^7.16.7":
    "integrity" "sha512-I8j/x8kHUrbYRTUxXrrMbfCa7jxkE7tZre39x3kjr9hvI82cK1FfqLygotcWN5kdPGWcLdWMHpSBavse5tWw3w=="
    "resolved" "https://registry.npmjs.org/@babel/template/-/template-7.16.7.tgz"
    "version" "7.16.7"
    dependencies:
      "@babel/code-frame" "^7.16.7"
      "@babel/parser" "^7.16.7"
      "@babel/types" "^7.16.7"
  
  "@babel/traverse@^7.18.0", "@babel/traverse@^7.18.2":
    "integrity" "sha512-9eNwoeovJ6KH9zcCNnENY7DMFwTU9JdGCFtqNLfUAqtUHRCOsTOqWoffosP8vKmNYeSBUv3yVJXjfd8ucwOjUA=="
    "resolved" "https://registry.npmjs.org/@babel/traverse/-/traverse-7.18.2.tgz"
    "version" "7.18.2"
    dependencies:
      "@babel/code-frame" "^7.16.7"
      "@babel/generator" "^7.18.2"
      "@babel/helper-environment-visitor" "^7.18.2"
      "@babel/helper-function-name" "^7.17.9"
      "@babel/helper-hoist-variables" "^7.16.7"
      "@babel/helper-split-export-declaration" "^7.16.7"
      "@babel/parser" "^7.18.0"
      "@babel/types" "^7.18.2"
      "debug" "^4.1.0"
      "globals" "^11.1.0"
  
  "@babel/types@^7.16.0", "@babel/types@^7.16.7", "@babel/types@^7.17.0", "@babel/types@^7.18.0", "@babel/types@^7.18.2":
    "integrity" "sha512-ThN1mBcMq5pG/Vm2IcBmPPfyPXbd8S02rS+OBIDENdufvqC7Z/jHPCv9IcP01277aKtDI8g/2XysBN4hA8niiw=="
    "resolved" "https://registry.npmjs.org/@babel/types/-/types-7.18.4.tgz"
    "version" "7.18.4"
    dependencies:
      "@babel/helper-validator-identifier" "^7.16.7"
      "to-fast-properties" "^2.0.0"
  
  "@jridgewell/gen-mapping@^0.1.0":
    "integrity" "sha512-sQXCasFk+U8lWYEe66WxRDOE9PjVz4vSM51fTu3Hw+ClTpUSQb718772vH3pyS5pShp6lvQM7SxgIDXXXmOX7w=="
    "resolved" "https://registry.npmjs.org/@jridgewell/gen-mapping/-/gen-mapping-0.1.1.tgz"
    "version" "0.1.1"
    dependencies:
      "@jridgewell/set-array" "^1.0.0"
      "@jridgewell/sourcemap-codec" "^1.4.10"
  
  "@jridgewell/gen-mapping@^0.3.0":
    "integrity" "sha512-GcHwniMlA2z+WFPWuY8lp3fsza0I8xPFMWL5+n8LYyP6PSvPrXf4+n8stDHZY2DM0zy9sVkRDy1jDI4XGzYVqg=="
    "resolved" "https://registry.npmjs.org/@jridgewell/gen-mapping/-/gen-mapping-0.3.1.tgz"
    "version" "0.3.1"
    dependencies:
      "@jridgewell/set-array" "^1.0.0"
      "@jridgewell/sourcemap-codec" "^1.4.10"
      "@jridgewell/trace-mapping" "^0.3.9"
  
  "@jridgewell/resolve-uri@^3.0.3":
    "integrity" "sha512-8cXDaBBHOr2pQ7j77Y6Vp5VDT2sIqWyWQ56TjEq4ih/a4iST3dItRe8Q9fp0rrIl9DoKhWQtUQz/YpOxLkXbNA=="
    "resolved" "https://registry.npmjs.org/@jridgewell/resolve-uri/-/resolve-uri-3.0.7.tgz"
    "version" "3.0.7"
  
  "@jridgewell/set-array@^1.0.0":
    "integrity" "sha512-Ct5MqZkLGEXTVmQYbGtx9SVqD2fqwvdubdps5D3djjAkgkKwT918VNOz65pEHFaYTeWcukmJmH5SwsA9Tn2ObQ=="
    "resolved" "https://registry.npmjs.org/@jridgewell/set-array/-/set-array-1.1.1.tgz"
    "version" "1.1.1"
  
  "@jridgewell/sourcemap-codec@^1.4.10":
    "integrity" "sha512-GryiOJmNcWbovBxTfZSF71V/mXbgcV3MewDe3kIMCLyIh5e7SKAeUZs+rMnJ8jkMolZ/4/VsdBmMrw3l+VdZ3w=="
    "resolved" "https://registry.npmjs.org/@jridgewell/sourcemap-codec/-/sourcemap-codec-1.4.13.tgz"
    "version" "1.4.13"
  
  "@jridgewell/trace-mapping@^0.3.9":
    "integrity" "sha512-o1xbKhp9qnIAoHJSWd6KlCZfqslL4valSF81H8ImioOAxluWYWOpWkpyktY2vnt4tbrX9XYaxovq6cgowaJp2w=="
    "resolved" "https://registry.npmjs.org/@jridgewell/trace-mapping/-/trace-mapping-0.3.13.tgz"
    "version" "0.3.13"
    dependencies:
      "@jridgewell/resolve-uri" "^3.0.3"
      "@jridgewell/sourcemap-codec" "^1.4.10"
  
  "@nodelib/fs.scandir@2.1.5":
    "integrity" "sha512-vq24Bq3ym5HEQm2NKCr3yXDwjc7vTsEThRDnkp2DK9p1uqLR+DHurm/NOTo0KG7HYHU7eppKZj3MyqYuMBf62g=="
    "resolved" "https://registry.npmjs.org/@nodelib/fs.scandir/-/fs.scandir-2.1.5.tgz"
    "version" "2.1.5"
    dependencies:
      "@nodelib/fs.stat" "2.0.5"
      "run-parallel" "^1.1.9"
  
  "@nodelib/fs.stat@^2.0.2", "@nodelib/fs.stat@2.0.5":
    "integrity" "sha512-RkhPPp2zrqDAQA/2jNhnztcPAlv64XdhIp7a7454A5ovI7Bukxgt7MX7udwAu3zg1DcpPU0rz3VV1SeaqvY4+A=="
    "resolved" "https://registry.npmjs.org/@nodelib/fs.stat/-/fs.stat-2.0.5.tgz"
    "version" "2.0.5"
  
  "@nodelib/fs.walk@^1.2.3":
    "integrity" "sha512-oGB+UxlgWcgQkgwo8GcEGwemoTFt3FIO9ababBmaGwXIoBKZ+GTy0pP185beGg7Llih/NSHSV2XAs1lnznocSg=="
    "resolved" "https://registry.npmjs.org/@nodelib/fs.walk/-/fs.walk-1.2.8.tgz"
    "version" "1.2.8"
    dependencies:
      "@nodelib/fs.scandir" "2.1.5"
      "fastq" "^1.6.0"
  
  "acorn-node@^1.8.2":
    "integrity" "sha512-8mt+fslDufLYntIoPAaIMUe/lrbrehIiwmR3t2k9LljIzoigEPF27eLk2hy8zSGzmR/ogr7zbRKINMo1u0yh5A=="
    "resolved" "https://registry.npmjs.org/acorn-node/-/acorn-node-1.8.2.tgz"
    "version" "1.8.2"
    dependencies:
      "acorn" "^7.0.0"
      "acorn-walk" "^7.0.0"
      "xtend" "^4.0.2"
  
  "acorn-walk@^7.0.0":
    "integrity" "sha512-OPdCF6GsMIP+Az+aWfAAOEt2/+iVDKE7oy6lJ098aoe59oAmK76qV6Gw60SbZ8jHuG2wH058GF4pLFbYamYrVA=="
    "resolved" "https://registry.npmjs.org/acorn-walk/-/acorn-walk-7.2.0.tgz"
    "version" "7.2.0"
  
  "acorn@^7.0.0":
    "integrity" "sha512-nQyp0o1/mNdbTO1PO6kHkwSrmgZ0MT/jCCpNiwbUjGoRN4dlBhqJtoQuCnEOKzgTVwg0ZWiCoQy6SxMebQVh8A=="
    "resolved" "https://registry.npmjs.org/acorn/-/acorn-7.4.1.tgz"
    "version" "7.4.1"
  
  "ansi-styles@^3.2.1":
    "integrity" "sha512-VT0ZI6kZRdTh8YyJw3SMbYm/u+NqfsAxEpWO0Pf9sq8/e94WxxOpPKx9FR1FlyCtOVDNOQ+8ntlqFxiRc+r5qA=="
    "resolved" "https://registry.npmjs.org/ansi-styles/-/ansi-styles-3.2.1.tgz"
    "version" "3.2.1"
    dependencies:
      "color-convert" "^1.9.0"
  
  "anymatch@~3.1.2":
    "integrity" "sha512-P43ePfOAIupkguHUycrc4qJ9kz8ZiuOUijaETwX7THt0Y/GNK7v0aa8rY816xWjZ7rJdA5XdMcpVFTKMq+RvWg=="
    "resolved" "https://registry.npmjs.org/anymatch/-/anymatch-3.1.2.tgz"
    "version" "3.1.2"
    dependencies:
      "normalize-path" "^3.0.0"
      "picomatch" "^2.0.4"
  
  "arg@^5.0.1":
    "integrity" "sha512-PYjyFOLKQ9y57JvQ6QLo8dAgNqswh8M1RMJYdQduT6xbWSgK36P/Z/v+p888pM69jMMfS8Xd8F6I1kQ/I9HUGg=="
    "resolved" "https://registry.npmjs.org/arg/-/arg-5.0.2.tgz"
    "version" "5.0.2"
  
  "autoprefixer@^10.4.7":
    "integrity" "sha512-ypHju4Y2Oav95SipEcCcI5J7CGPuvz8oat7sUtYj3ClK44bldfvtvcxK6IEK++7rqB7YchDGzweZIBG+SD0ZAA=="
    "resolved" "https://registry.npmjs.org/autoprefixer/-/autoprefixer-10.4.7.tgz"
    "version" "10.4.7"
    dependencies:
      "browserslist" "^4.20.3"
      "caniuse-lite" "^1.0.30001335"
      "fraction.js" "^4.2.0"
      "normalize-range" "^0.1.2"
      "picocolors" "^1.0.0"
      "postcss-value-parser" "^4.2.0"
  
  "babel-plugin-jsx-dom-expressions@^0.33.7":
    "integrity" "sha512-2RsP7+i8KAd7EPxw3L1mJ9YGhxF56YJ0qQgWgPRiWWECzmxd3RYc+gaIwPw0yZRTN5Z0xQfa+3yTdNgDzq36dQ=="
    "resolved" "https://registry.npmjs.org/babel-plugin-jsx-dom-expressions/-/babel-plugin-jsx-dom-expressions-0.33.7.tgz"
    "version" "0.33.7"
    dependencies:
      "@babel/helper-module-imports" "7.16.0"
      "@babel/plugin-syntax-jsx" "^7.16.5"
      "@babel/types" "^7.16.0"
      "html-entities" "2.3.2"
  
  "babel-preset-solid@^1.3.0":
    "integrity" "sha512-dDAYTT4UcBvUjdnlf1SOBNTospI/L1wWyzrMxEie3B4Auofo0lSFaCc95Pn5AZY8sdAew13Rp4a1ImByIsZlsQ=="
    "resolved" "https://registry.npmjs.org/babel-preset-solid/-/babel-preset-solid-1.4.2.tgz"
    "version" "1.4.2"
    dependencies:
      "babel-plugin-jsx-dom-expressions" "^0.33.7"
  
  "binary-extensions@^2.0.0":
    "integrity" "sha512-jDctJ/IVQbZoJykoeHbhXpOlNBqGNcwXJKJog42E5HDPUwQTSdjCHdihjj0DlnheQ7blbT6dHOafNAiS8ooQKA=="
    "resolved" "https://registry.npmjs.org/binary-extensions/-/binary-extensions-2.2.0.tgz"
    "version" "2.2.0"
  
  "braces@^3.0.2", "braces@~3.0.2":
    "integrity" "sha512-b8um+L1RzM3WDSzvhm6gIz1yfTbBt6YTlcEKAvsmqCZZFw46z626lVj9j1yEPW33H5H+lBQpZMP1k8l+78Ha0A=="
    "resolved" "https://registry.npmjs.org/braces/-/braces-3.0.2.tgz"
    "version" "3.0.2"
    dependencies:
      "fill-range" "^7.0.1"
  
  "browserslist@^4.20.2", "browserslist@^4.20.3":
    "integrity" "sha512-ok1d+1WpnU24XYN7oC3QWgTyMhY/avPJ/r9T00xxvUOIparA/gc+UPUMaod3i+G6s+nI2nUb9xZ5k794uIwShw=="
    "resolved" "https://registry.npmjs.org/browserslist/-/browserslist-4.20.4.tgz"
    "version" "4.20.4"
    dependencies:
      "caniuse-lite" "^1.0.30001349"
      "electron-to-chromium" "^1.4.147"
      "escalade" "^3.1.1"
      "node-releases" "^2.0.5"
      "picocolors" "^1.0.0"
  
  "camelcase-css@^2.0.1":
    "integrity" "sha512-QOSvevhslijgYwRx6Rv7zKdMF8lbRmx+uQGx2+vDc+KI/eBnsy9kit5aj23AgGu3pa4t9AgwbnXWqS+iOY+2aA=="
    "resolved" "https://registry.npmjs.org/camelcase-css/-/camelcase-css-2.0.1.tgz"
    "version" "2.0.1"
  
  "caniuse-lite@^1.0.30001335", "caniuse-lite@^1.0.30001349":
    "integrity" "sha512-VFaWW3jeo6DLU5rwdiasosxhYSduJgSGil4cSyX3/85fbctlE58pXAkWyuRmVA0r2RxsOSVYUTZcySJ8WpbTxw=="
    "resolved" "https://registry.npmjs.org/caniuse-lite/-/caniuse-lite-1.0.30001349.tgz"
    "version" "1.0.30001349"
  
  "chalk@^2.0.0":
    "integrity" "sha512-Mti+f9lpJNcwF4tWV8/OrTTtF1gZi+f8FqlyAdouralcFWFQWF2+NgCHShjkCb+IFBLq9buZwE1xckQU4peSuQ=="
    "resolved" "https://registry.npmjs.org/chalk/-/chalk-2.4.2.tgz"
    "version" "2.4.2"
    dependencies:
      "ansi-styles" "^3.2.1"
      "escape-string-regexp" "^1.0.5"
      "supports-color" "^5.3.0"
  
  "chokidar@^3.5.3":
    "integrity" "sha512-Dr3sfKRP6oTcjf2JmUmFJfeVMvXBdegxB0iVQ5eb2V10uFJUCAS8OByZdVAyVb8xXNz3GjjTgj9kLWsZTqE6kw=="
    "resolved" "https://registry.npmjs.org/chokidar/-/chokidar-3.5.3.tgz"
    "version" "3.5.3"
    dependencies:
      "anymatch" "~3.1.2"
      "braces" "~3.0.2"
      "glob-parent" "~5.1.2"
      "is-binary-path" "~2.1.0"
      "is-glob" "~4.0.1"
      "normalize-path" "~3.0.0"
      "readdirp" "~3.6.0"
    optionalDependencies:
      "fsevents" "~2.3.2"
  
  "color-convert@^1.9.0":
    "integrity" "sha512-QfAUtd+vFdAtFQcC8CCyYt1fYWxSqAiK2cSD6zDB8N3cpsEBAvRxp9zOGg6G/SHHJYAT88/az/IuDGALsNVbGg=="
    "resolved" "https://registry.npmjs.org/color-convert/-/color-convert-1.9.3.tgz"
    "version" "1.9.3"
    dependencies:
      "color-name" "1.1.3"
  
  "color-name@^1.1.4":
    "integrity" "sha512-dOy+3AuW3a2wNbZHIuMZpTcgjGuLU/uBL/ubcZF9OXbDo8ff4O8yVp5Bf0efS8uEoYo5q4Fx7dY9OgQGXgAsQA=="
    "resolved" "https://registry.npmjs.org/color-name/-/color-name-1.1.4.tgz"
    "version" "1.1.4"
  
  "color-name@1.1.3":
    "integrity" "sha512-72fSenhMw2HZMTVHeCA9KCmpEIbzWiQsjN+BHcBbS9vr1mtt+vJjPdksIBNUmKAW8TFUDPJK5SUU3QhE9NEXDw=="
    "resolved" "https://registry.npmjs.org/color-name/-/color-name-1.1.3.tgz"
    "version" "1.1.3"
  
  "convert-source-map@^1.7.0":
    "integrity" "sha512-+OQdjP49zViI/6i7nIJpA8rAl4sV/JdPfU9nZs3VqOwGIgizICvuN2ru6fMd+4llL0tar18UYJXfZ/TWtmhUjA=="
    "resolved" "https://registry.npmjs.org/convert-source-map/-/convert-source-map-1.8.0.tgz"
    "version" "1.8.0"
    dependencies:
      "safe-buffer" "~5.1.1"
  
  "cssesc@^3.0.0":
    "integrity" "sha512-/Tb/JcjK111nNScGob5MNtsntNM1aCNUDipB/TkwZFhyDrrE47SOx/18wF2bbjgc3ZzCSKW1T5nt5EbFoAz/Vg=="
    "resolved" "https://registry.npmjs.org/cssesc/-/cssesc-3.0.0.tgz"
    "version" "3.0.0"
  
  "debug@^4.1.0":
    "integrity" "sha512-PRWFHuSU3eDtQJPvnNY7Jcket1j0t5OuOsFzPPzsekD52Zl8qUfFIPEiswXqIvHWGVHOgX+7G/vCNNhehwxfkQ=="
    "resolved" "https://registry.npmjs.org/debug/-/debug-4.3.4.tgz"
    "version" "4.3.4"
    dependencies:
      "ms" "2.1.2"
  
  "defined@^1.0.0":
    "integrity" "sha512-Y2caI5+ZwS5c3RiNDJ6u53VhQHv+hHKwhkI1iHvceKUHw9Df6EK2zRLfjejRgMuCuxK7PfSWIMwWecceVvThjQ=="
    "resolved" "https://registry.npmjs.org/defined/-/defined-1.0.0.tgz"
    "version" "1.0.0"
  
  "detective@^5.2.0":
    "integrity" "sha512-v9XE1zRnz1wRtgurGu0Bs8uHKFSTdteYZNbIPFVhUZ39L/S79ppMpdmVOZAnoz1jfEFodc48n6MX483Xo3t1yw=="
    "resolved" "https://registry.npmjs.org/detective/-/detective-5.2.1.tgz"
    "version" "5.2.1"
    dependencies:
      "acorn-node" "^1.8.2"
      "defined" "^1.0.0"
      "minimist" "^1.2.6"
  
  "didyoumean@^1.2.2":
    "integrity" "sha512-gxtyfqMg7GKyhQmb056K7M3xszy/myH8w+B4RT+QXBQsvAOdc3XymqDDPHx1BgPgsdAA5SIifona89YtRATDzw=="
    "resolved" "https://registry.npmjs.org/didyoumean/-/didyoumean-1.2.2.tgz"
    "version" "1.2.2"
  
  "dlv@^1.1.3":
    "integrity" "sha512-+HlytyjlPKnIG8XuRG8WvmBP8xs8P71y+SKKS6ZXWoEgLuePxtDoUEiH7WkdePWrQ5JBpE6aoVqfZfJUQkjXwA=="
    "resolved" "https://registry.npmjs.org/dlv/-/dlv-1.1.3.tgz"
    "version" "1.1.3"
  
  "electron-to-chromium@^1.4.147":
    "integrity" "sha512-8MJk1bcQUAYkuvCyWZxaldiwoDG0E0AMzBGA6cv3WfuvJySiPgfidEPBFCRRH3cZm6SVZwo/oRlK1ehi1QNEIQ=="
    "resolved" "https://registry.npmjs.org/electron-to-chromium/-/electron-to-chromium-1.4.148.tgz"
    "version" "1.4.148"
  
  "esbuild-windows-64@0.14.43":
    "integrity" "sha512-8NsuNfI8xwFuJbrCuI+aBqNTYkrWErejFO5aYM+yHqyHuL8mmepLS9EPzAzk8rvfaJrhN0+RvKWAcymViHOKEw=="
    "resolved" "https://registry.npmjs.org/esbuild-windows-64/-/esbuild-windows-64-0.14.43.tgz"
    "version" "0.14.43"
  
  "esbuild@^0.14.27":
    "integrity" "sha512-Uf94+kQmy/5jsFwKWiQB4hfo/RkM9Dh7b79p8yqd1tshULdr25G2szLz631NoH3s2ujnKEKVD16RmOxvCNKRFA=="
    "resolved" "https://registry.npmjs.org/esbuild/-/esbuild-0.14.43.tgz"
    "version" "0.14.43"
    optionalDependencies:
      "esbuild-android-64" "0.14.43"
      "esbuild-android-arm64" "0.14.43"
      "esbuild-darwin-64" "0.14.43"
      "esbuild-darwin-arm64" "0.14.43"
      "esbuild-freebsd-64" "0.14.43"
      "esbuild-freebsd-arm64" "0.14.43"
      "esbuild-linux-32" "0.14.43"
      "esbuild-linux-64" "0.14.43"
      "esbuild-linux-arm" "0.14.43"
      "esbuild-linux-arm64" "0.14.43"
      "esbuild-linux-mips64le" "0.14.43"
      "esbuild-linux-ppc64le" "0.14.43"
      "esbuild-linux-riscv64" "0.14.43"
      "esbuild-linux-s390x" "0.14.43"
      "esbuild-netbsd-64" "0.14.43"
      "esbuild-openbsd-64" "0.14.43"
      "esbuild-sunos-64" "0.14.43"
      "esbuild-windows-32" "0.14.43"
      "esbuild-windows-64" "0.14.43"
      "esbuild-windows-arm64" "0.14.43"
  
  "escalade@^3.1.1":
    "integrity" "sha512-k0er2gUkLf8O0zKJiAhmkTnJlTvINGv7ygDNPbeIsX/TJjGJZHuh9B2UxbsaEkmlEo9MfhrSzmhIlhRlI2GXnw=="
    "resolved" "https://registry.npmjs.org/escalade/-/escalade-3.1.1.tgz"
    "version" "3.1.1"
  
  "escape-string-regexp@^1.0.5":
    "integrity" "sha512-vbRorB5FUQWvla16U8R/qgaFIya2qGzwDrNmCZuYKrbdSUMG6I1ZCGQRefkRVhuOkIGVne7BQ35DSfo1qvJqFg=="
    "resolved" "https://registry.npmjs.org/escape-string-regexp/-/escape-string-regexp-1.0.5.tgz"
    "version" "1.0.5"
  
  "fast-glob@^3.2.11":
    "integrity" "sha512-xrO3+1bxSo3ZVHAnqzyuewYT6aMFHRAd4Kcs92MAonjwQZLsK9d0SF1IyQ3k5PoirxTW0Oe/RqFgMQ6TcNE5Ew=="
    "resolved" "https://registry.npmjs.org/fast-glob/-/fast-glob-3.2.11.tgz"
    "version" "3.2.11"
    dependencies:
      "@nodelib/fs.stat" "^2.0.2"
      "@nodelib/fs.walk" "^1.2.3"
      "glob-parent" "^5.1.2"
      "merge2" "^1.3.0"
      "micromatch" "^4.0.4"
  
  "fastq@^1.6.0":
    "integrity" "sha512-YpkpUnK8od0o1hmeSc7UUs/eB/vIPWJYjKck2QKIzAf71Vm1AAQ3EbuZB3g2JIy+pg+ERD0vqI79KyZiB2e2Nw=="
    "resolved" "https://registry.npmjs.org/fastq/-/fastq-1.13.0.tgz"
    "version" "1.13.0"
    dependencies:
      "reusify" "^1.0.4"
  
  "fill-range@^7.0.1":
    "integrity" "sha512-qOo9F+dMUmC2Lcb4BbVvnKJxTPjCm+RRpe4gDuGrzkL7mEVl/djYSu2OdQ2Pa302N4oqkSg9ir6jaLWJ2USVpQ=="
    "resolved" "https://registry.npmjs.org/fill-range/-/fill-range-7.0.1.tgz"
    "version" "7.0.1"
    dependencies:
      "to-regex-range" "^5.0.1"
  
  "fraction.js@^4.2.0":
    "integrity" "sha512-MhLuK+2gUcnZe8ZHlaaINnQLl0xRIGRfcGk2yl8xoQAfHrSsL3rYu6FCmBdkdbhc9EPlwyGHewaRsvwRMJtAlA=="
    "resolved" "https://registry.npmjs.org/fraction.js/-/fraction.js-4.2.0.tgz"
    "version" "4.2.0"
  
  "function-bind@^1.1.1":
    "integrity" "sha512-yIovAzMX49sF8Yl58fSCWJ5svSLuaibPxXQJFLmBObTuCr0Mf1KiPopGM9NiFjiYBCbfaa2Fh6breQ6ANVTI0A=="
    "resolved" "https://registry.npmjs.org/function-bind/-/function-bind-1.1.1.tgz"
    "version" "1.1.1"
  
  "gensync@^1.0.0-beta.2":
    "integrity" "sha512-3hN7NaskYvMDLQY55gnW3NQ+mesEAepTqlg+VEbj7zzqEMBVNhzcGYYeqFo/TlYz6eQiFcp1HcsCZO+nGgS8zg=="
    "resolved" "https://registry.npmjs.org/gensync/-/gensync-1.0.0-beta.2.tgz"
    "version" "1.0.0-beta.2"
  
  "glob-parent@^5.1.2":
    "integrity" "sha512-AOIgSQCepiJYwP3ARnGx+5VnTu2HBYdzbGP45eLw1vr3zB3vZLeyed1sC9hnbcOc9/SrMyM5RPQrkGz4aS9Zow=="
    "resolved" "https://registry.npmjs.org/glob-parent/-/glob-parent-5.1.2.tgz"
    "version" "5.1.2"
    dependencies:
      "is-glob" "^4.0.1"
  
  "glob-parent@^6.0.2":
    "integrity" "sha512-XxwI8EOhVQgWp6iDL+3b0r86f4d6AX6zSU55HfB4ydCEuXLXc5FcYeOu+nnGftS4TEju/11rt4KJPTMgbfmv4A=="
    "resolved" "https://registry.npmjs.org/glob-parent/-/glob-parent-6.0.2.tgz"
    "version" "6.0.2"
    dependencies:
      "is-glob" "^4.0.3"
  
  "glob-parent@~5.1.2":
    "integrity" "sha512-AOIgSQCepiJYwP3ARnGx+5VnTu2HBYdzbGP45eLw1vr3zB3vZLeyed1sC9hnbcOc9/SrMyM5RPQrkGz4aS9Zow=="
    "resolved" "https://registry.npmjs.org/glob-parent/-/glob-parent-5.1.2.tgz"
    "version" "5.1.2"
    dependencies:
      "is-glob" "^4.0.1"
  
  "globals@^11.1.0":
    "integrity" "sha512-WOBp/EEGUiIsJSp7wcv/y6MO+lV9UoncWqxuFfm8eBwzWNgyfBd6Gz+IeKQ9jCmyhoH99g15M3T+QaVHFjizVA=="
    "resolved" "https://registry.npmjs.org/globals/-/globals-11.12.0.tgz"
    "version" "11.12.0"
  
  "has-flag@^3.0.0":
    "integrity" "sha512-sKJf1+ceQBr4SMkvQnBDNDtf4TXpVhVGateu0t918bl30FnbE2m4vNLX+VWe/dpjlb+HugGYzW7uQXH98HPEYw=="
    "resolved" "https://registry.npmjs.org/has-flag/-/has-flag-3.0.0.tgz"
    "version" "3.0.0"
  
  "has@^1.0.3":
    "integrity" "sha512-f2dvO0VU6Oej7RkWJGrehjbzMAjFp5/VKPp5tTpWIV4JHHZK1/BxbFRtf/siA2SWTe09caDmVtYYzWEIbBS4zw=="
    "resolved" "https://registry.npmjs.org/has/-/has-1.0.3.tgz"
    "version" "1.0.3"
    dependencies:
      "function-bind" "^1.1.1"
  
  "html-entities@2.3.2":
    "integrity" "sha512-c3Ab/url5ksaT0WyleslpBEthOzWhrjQbg75y7XUsfSzi3Dgzt0l8w5e7DylRn15MTlMMD58dTfzddNS2kcAjQ=="
    "resolved" "https://registry.npmjs.org/html-entities/-/html-entities-2.3.2.tgz"
    "version" "2.3.2"
  
  "is-binary-path@~2.1.0":
    "integrity" "sha512-ZMERYes6pDydyuGidse7OsHxtbI7WVeUEozgR/g7rd0xUimYNlvZRE/K2MgZTjWy725IfelLeVcEM97mmtRGXw=="
    "resolved" "https://registry.npmjs.org/is-binary-path/-/is-binary-path-2.1.0.tgz"
    "version" "2.1.0"
    dependencies:
      "binary-extensions" "^2.0.0"
  
  "is-core-module@^2.8.1":
    "integrity" "sha512-+5FPy5PnwmO3lvfMb0AsoPaBG+5KHUI0wYFXOtYPnVVVspTFUuMZNfNaNVRt3FZadstu2c8x23vykRW/NBoU6A=="
    "resolved" "https://registry.npmjs.org/is-core-module/-/is-core-module-2.9.0.tgz"
    "version" "2.9.0"
    dependencies:
      "has" "^1.0.3"
  
  "is-extglob@^2.1.1":
    "integrity" "sha512-SbKbANkN603Vi4jEZv49LeVJMn4yGwsbzZworEoyEiutsN3nJYdbO36zfhGJ6QEDpOZIFkDtnq5JRxmvl3jsoQ=="
    "resolved" "https://registry.npmjs.org/is-extglob/-/is-extglob-2.1.1.tgz"
    "version" "2.1.1"
  
  "is-glob@^4.0.1", "is-glob@^4.0.3", "is-glob@~4.0.1":
    "integrity" "sha512-xelSayHH36ZgE7ZWhli7pW34hNbNl8Ojv5KVmkJD4hBdD3th8Tfk9vYasLM+mXWOZhFkgZfxhLSnrwRr4elSSg=="
    "resolved" "https://registry.npmjs.org/is-glob/-/is-glob-4.0.3.tgz"
    "version" "4.0.3"
    dependencies:
      "is-extglob" "^2.1.1"
  
  "is-number@^7.0.0":
    "integrity" "sha512-41Cifkg6e8TylSpdtTpeLVMqvSBEVzTttHvERD741+pnZ8ANv0004MRL43QKPDlK9cGvNp6NZWZUBlbGXYxxng=="
    "resolved" "https://registry.npmjs.org/is-number/-/is-number-7.0.0.tgz"
    "version" "7.0.0"
  
  "is-what@^4.1.6":
    "integrity" "sha512-DBVOQNiPKnGMxRMLIYSwERAS5MVY1B7xYiGnpgctsOFvVDz9f9PFXXxMcTOHuoqYp4NK9qFYQaIC1NRRxLMpBQ=="
    "resolved" "https://registry.npmjs.org/is-what/-/is-what-4.1.7.tgz"
    "version" "4.1.7"
  
  "js-tokens@^4.0.0":
    "integrity" "sha512-RdJUflcE3cUzKiMqQgsCu06FPu9UdIJO0beYbPhHN4k6apgJtifcoCtT9bcxOpYBtpD2kCM6Sbzg4CausW/PKQ=="
    "resolved" "https://registry.npmjs.org/js-tokens/-/js-tokens-4.0.0.tgz"
    "version" "4.0.0"
  
  "jsesc@^2.5.1":
    "integrity" "sha512-OYu7XEzjkCQ3C5Ps3QIZsQfNpqoJyZZA99wd9aWd05NCtC5pWOkShK2mkL6HXQR6/Cy2lbNdPlZBpuQHXE63gA=="
    "resolved" "https://registry.npmjs.org/jsesc/-/jsesc-2.5.2.tgz"
    "version" "2.5.2"
  
  "json5@^2.2.1":
    "integrity" "sha512-1hqLFMSrGHRHxav9q9gNjJ5EXznIxGVO09xQRrwplcS8qs28pZ8s8hupZAmqDwZUmVZ2Qb2jnyPOWcDH8m8dlA=="
    "resolved" "https://registry.npmjs.org/json5/-/json5-2.2.1.tgz"
    "version" "2.2.1"
  
  "lilconfig@^2.0.5":
    "integrity" "sha512-xaYmXZtTHPAw5m+xLN8ab9C+3a8YmV3asNSPOATITbtwrfbwaLJj8h66H1WMIpALCkqsIzK3h7oQ+PdX+LQ9Eg=="
    "resolved" "https://registry.npmjs.org/lilconfig/-/lilconfig-2.0.5.tgz"
    "version" "2.0.5"
  
  "merge-anything@^5.0.2":
    "integrity" "sha512-POPQBWkBC0vxdgzRJ2Mkj4+2NTKbvkHo93ih+jGDhNMLzIw+rYKjO7949hOQM2X7DxMHH1uoUkwWFLIzImw7gA=="
    "resolved" "https://registry.npmjs.org/merge-anything/-/merge-anything-5.0.2.tgz"
    "version" "5.0.2"
    dependencies:
      "is-what" "^4.1.6"
      "ts-toolbelt" "^9.6.0"
  
  "merge2@^1.3.0":
    "integrity" "sha512-8q7VEgMJW4J8tcfVPy8g09NcQwZdbwFEqhe/WZkoIzjn/3TGDwtOCYtXGxA3O8tPzpczCCDgv+P2P5y00ZJOOg=="
    "resolved" "https://registry.npmjs.org/merge2/-/merge2-1.4.1.tgz"
    "version" "1.4.1"
  
  "micromatch@^4.0.4":
    "integrity" "sha512-DMy+ERcEW2q8Z2Po+WNXuw3c5YaUSFjAO5GsJqfEl7UjvtIuFKO6ZrKvcItdy98dwFI2N1tg3zNIdKaQT+aNdA=="
    "resolved" "https://registry.npmjs.org/micromatch/-/micromatch-4.0.5.tgz"
    "version" "4.0.5"
    dependencies:
      "braces" "^3.0.2"
      "picomatch" "^2.3.1"
  
  "minimist@^1.2.6":
    "integrity" "sha512-Jsjnk4bw3YJqYzbdyBiNsPWHPfO++UGG749Cxs6peCu5Xg4nrena6OVxOYxrQTqww0Jmwt+Ref8rggumkTLz9Q=="
    "resolved" "https://registry.npmjs.org/minimist/-/minimist-1.2.6.tgz"
    "version" "1.2.6"
  
  "ms@2.1.2":
    "integrity" "sha512-sGkPx+VjMtmA6MX27oA4FBFELFCZZ4S4XqeGOXCv68tT+jb3vk/RyaKWP0PTKyWtmLSM0b+adUTEvbs1PEaH2w=="
    "resolved" "https://registry.npmjs.org/ms/-/ms-2.1.2.tgz"
    "version" "2.1.2"
  
  "nanoid@^3.3.4":
    "integrity" "sha512-MqBkQh/OHTS2egovRtLk45wEyNXwF+cokD+1YPf9u5VfJiRdAiRwB2froX5Co9Rh20xs4siNPm8naNotSD6RBw=="
    "resolved" "https://registry.npmjs.org/nanoid/-/nanoid-3.3.4.tgz"
    "version" "3.3.4"
  
  "node-releases@^2.0.5":
    "integrity" "sha512-U9h1NLROZTq9uE1SNffn6WuPDg8icmi3ns4rEl/oTfIle4iLjTliCzgTsbaIFMq/Xn078/lfY/BL0GWZ+psK4Q=="
    "resolved" "https://registry.npmjs.org/node-releases/-/node-releases-2.0.5.tgz"
    "version" "2.0.5"
  
  "normalize-path@^3.0.0", "normalize-path@~3.0.0":
    "integrity" "sha512-6eZs5Ls3WtCisHWp9S2GUy8dqkpGi4BVSz3GaqiE6ezub0512ESztXUwUB6C6IKbQkY2Pnb/mD4WYojCRwcwLA=="
    "resolved" "https://registry.npmjs.org/normalize-path/-/normalize-path-3.0.0.tgz"
    "version" "3.0.0"
  
  "normalize-range@^0.1.2":
    "integrity" "sha512-bdok/XvKII3nUpklnV6P2hxtMNrCboOjAcyBuQnWEhO665FwrSNRxU+AqpsyvO6LgGYPspN+lu5CLtw4jPRKNA=="
    "resolved" "https://registry.npmjs.org/normalize-range/-/normalize-range-0.1.2.tgz"
    "version" "0.1.2"
  
  "object-hash@^3.0.0":
    "integrity" "sha512-RSn9F68PjH9HqtltsSnqYC1XXoWe9Bju5+213R98cNGttag9q9yAOTzdbsqvIa7aNm5WffBZFpWYr2aWrklWAw=="
    "resolved" "https://registry.npmjs.org/object-hash/-/object-hash-3.0.0.tgz"
    "version" "3.0.0"
  
  "path-parse@^1.0.7":
    "integrity" "sha512-LDJzPVEEEPR+y48z93A0Ed0yXb8pAByGWo/k5YYdYgpY2/2EsOsksJrq7lOHxryrVOn1ejG6oAp8ahvOIQD8sw=="
    "resolved" "https://registry.npmjs.org/path-parse/-/path-parse-1.0.7.tgz"
    "version" "1.0.7"
  
  "picocolors@^1.0.0":
    "integrity" "sha512-1fygroTLlHu66zi26VoTDv8yRgm0Fccecssto+MhsZ0D/DGW2sm8E8AjW7NU5VVTRt5GxbeZ5qBuJr+HyLYkjQ=="
    "resolved" "https://registry.npmjs.org/picocolors/-/picocolors-1.0.0.tgz"
    "version" "1.0.0"
  
  "picomatch@^2.0.4", "picomatch@^2.2.1", "picomatch@^2.3.1":
    "integrity" "sha512-JU3teHTNjmE2VCGFzuY8EXzCDVwEqB2a8fsIvwaStHhAWJEeVd1o1QD80CU6+ZdEXXSLbSsuLwJjkCBWqRQUVA=="
    "resolved" "https://registry.npmjs.org/picomatch/-/picomatch-2.3.1.tgz"
    "version" "2.3.1"
  
  "postcss-js@^4.0.0":
    "integrity" "sha512-77QESFBwgX4irogGVPgQ5s07vLvFqWr228qZY+w6lW599cRlK/HmnlivnnVUxkjHnCu4J16PDMHcH+e+2HbvTQ=="
    "resolved" "https://registry.npmjs.org/postcss-js/-/postcss-js-4.0.0.tgz"
    "version" "4.0.0"
    dependencies:
      "camelcase-css" "^2.0.1"
  
  "postcss-load-config@^3.1.4":
    "integrity" "sha512-6DiM4E7v4coTE4uzA8U//WhtPwyhiim3eyjEMFCnUpzbrkK9wJHgKDT2mR+HbtSrd/NubVaYTOpSpjUl8NQeRg=="
    "resolved" "https://registry.npmjs.org/postcss-load-config/-/postcss-load-config-3.1.4.tgz"
    "version" "3.1.4"
    dependencies:
      "lilconfig" "^2.0.5"
      "yaml" "^1.10.2"
  
  "postcss-nested@5.0.6":
    "integrity" "sha512-rKqm2Fk0KbA8Vt3AdGN0FB9OBOMDVajMG6ZCf/GoHgdxUJ4sBFp0A/uMIRm+MJUdo33YXEtjqIz8u7DAp8B7DA=="
    "resolved" "https://registry.npmjs.org/postcss-nested/-/postcss-nested-5.0.6.tgz"
    "version" "5.0.6"
    dependencies:
      "postcss-selector-parser" "^6.0.6"
  
  "postcss-selector-parser@^6.0.10", "postcss-selector-parser@^6.0.6":
    "integrity" "sha512-IQ7TZdoaqbT+LCpShg46jnZVlhWD2w6iQYAcYXfHARZ7X1t/UGhhceQDs5X0cGqKvYlHNOuv7Oa1xmb0oQuA3w=="
    "resolved" "https://registry.npmjs.org/postcss-selector-parser/-/postcss-selector-parser-6.0.10.tgz"
    "version" "6.0.10"
    dependencies:
      "cssesc" "^3.0.0"
      "util-deprecate" "^1.0.2"
  
  "postcss-value-parser@^4.2.0":
    "integrity" "sha512-1NNCs6uurfkVbeXG4S8JFT9t19m45ICnif8zWLd5oPSZ50QnwMfK+H3jv408d4jw/7Bttv5axS5IiHoLaVNHeQ=="
    "resolved" "https://registry.npmjs.org/postcss-value-parser/-/postcss-value-parser-4.2.0.tgz"
    "version" "4.2.0"
  
  "postcss@^8.1.0", "postcss@^8.2.14", "postcss@^8.3.3", "postcss@^8.4.12", "postcss@^8.4.13", "postcss@^8.4.14", "postcss@>=8.0.9":
    "integrity" "sha512-E398TUmfAYFPBSdzgeieK2Y1+1cpdxJx8yXbK/m57nRhKSmk1GB2tO4lbLBtlkfPQTDKfe4Xqv1ASWPpayPEig=="
    "resolved" "https://registry.npmjs.org/postcss/-/postcss-8.4.14.tgz"
    "version" "8.4.14"
    dependencies:
      "nanoid" "^3.3.4"
      "picocolors" "^1.0.0"
      "source-map-js" "^1.0.2"
  
  "queue-microtask@^1.2.2":
    "integrity" "sha512-NuaNSa6flKT5JaSYQzJok04JzTL1CA6aGhv5rfLW3PgqA+M2ChpZQnAC8h8i4ZFkBS8X5RqkDBHA7r4hej3K9A=="
    "resolved" "https://registry.npmjs.org/queue-microtask/-/queue-microtask-1.2.3.tgz"
    "version" "1.2.3"
  
  "quick-lru@^5.1.1":
    "integrity" "sha512-WuyALRjWPDGtt/wzJiadO5AXY+8hZ80hVpe6MyivgraREW751X3SbhRvG3eLKOYN+8VEvqLcf3wdnt44Z4S4SA=="
    "resolved" "https://registry.npmjs.org/quick-lru/-/quick-lru-5.1.1.tgz"
    "version" "5.1.1"
  
  "readdirp@~3.6.0":
    "integrity" "sha512-hOS089on8RduqdbhvQ5Z37A0ESjsqz6qnRcffsMU3495FuTdqSm+7bhJ29JvIOsBDEEnan5DPu9t3To9VRlMzA=="
    "resolved" "https://registry.npmjs.org/readdirp/-/readdirp-3.6.0.tgz"
    "version" "3.6.0"
    dependencies:
      "picomatch" "^2.2.1"
  
  "resolve@^1.22.0":
    "integrity" "sha512-Hhtrw0nLeSrFQ7phPp4OOcVjLPIeMnRlr5mcnVuMe7M/7eBn98A3hmFRLoFo3DLZkivSYwhRUJTyPyWAk56WLw=="
    "resolved" "https://registry.npmjs.org/resolve/-/resolve-1.22.0.tgz"
    "version" "1.22.0"
    dependencies:
      "is-core-module" "^2.8.1"
      "path-parse" "^1.0.7"
      "supports-preserve-symlinks-flag" "^1.0.0"
  
  "reusify@^1.0.4":
    "integrity" "sha512-U9nH88a3fc/ekCF1l0/UP1IosiuIjyTh7hBvXVMHYgVcfGvt897Xguj2UOLDeI5BG2m7/uwyaLVT6fbtCwTyzw=="
    "resolved" "https://registry.npmjs.org/reusify/-/reusify-1.0.4.tgz"
    "version" "1.0.4"
  
  "rollup@^2.59.0":
    "integrity" "sha512-OEf0TgpC9vU6WGROJIk1JA3LR5vk/yvqlzxqdrE2CzzXnqKXNzbAwlWUXis8RS3ZPe7LAq+YUxsRa0l3r27MLA=="
    "resolved" "https://registry.npmjs.org/rollup/-/rollup-2.75.6.tgz"
    "version" "2.75.6"
    optionalDependencies:
      "fsevents" "~2.3.2"
  
  "run-parallel@^1.1.9":
    "integrity" "sha512-5l4VyZR86LZ/lDxZTR6jqL8AFE2S0IFLMP26AbjsLVADxHdhB/c0GUsH+y39UfCi3dzz8OlQuPmnaJOMoDHQBA=="
    "resolved" "https://registry.npmjs.org/run-parallel/-/run-parallel-1.2.0.tgz"
    "version" "1.2.0"
    dependencies:
      "queue-microtask" "^1.2.2"
  
  "safe-buffer@~5.1.1":
    "integrity" "sha512-Gd2UZBJDkXlY7GbJxfsE8/nvKkUEU1G38c1siN6QP6a9PT9MmHB8GnpscSmMJSoF8LOIrt8ud/wPtojys4G6+g=="
    "resolved" "https://registry.npmjs.org/safe-buffer/-/safe-buffer-5.1.2.tgz"
    "version" "5.1.2"
  
  "semver@^6.3.0":
    "integrity" "sha512-b39TBaTSfV6yBrapU89p5fKekE2m/NwnDocOVruQFS1/veMgdzuPcnOM34M6CwxW8jH/lxEa5rBoDeUwu5HHTw=="
    "resolved" "https://registry.npmjs.org/semver/-/semver-6.3.0.tgz"
    "version" "6.3.0"
  
  "solid-app-router@^0.3.3":
    "integrity" "sha512-JEn0gi6q8Pq9M2Ml3CLeNzenxuBrOrQg4aQyeIZTNjOAeEil/9YiaAJk+US78sIdVcqflTneN5KZgJMIGJ0rFQ=="
    "resolved" "https://registry.npmjs.org/solid-app-router/-/solid-app-router-0.3.3.tgz"
    "version" "0.3.3"
  
  "solid-js@^1.3.0", "solid-js@^1.3.3", "solid-js@^1.3.5", "solid-js@^1.4.2":
    "integrity" "sha512-3uh2cbT4ICronIasLAxycF6SVgvqcfwFCDCzlEA9CEahn1qQg8Rw8aRGiI4O51PrHcN5aPRO9knYYRCs0PgzcQ=="
    "resolved" "https://registry.npmjs.org/solid-js/-/solid-js-1.4.3.tgz"
    "version" "1.4.3"
  
  "solid-refresh@^0.4.0":
    "integrity" "sha512-5XCUz845n/sHPzKK2i2G2EeV61tAmzv6SqzqhXcPaYhrgzVy7nKTQaBpKK8InKrriq9Z2JFF/mguIU00t/73xw=="
    "resolved" "https://registry.npmjs.org/solid-refresh/-/solid-refresh-0.4.0.tgz"
    "version" "0.4.0"
    dependencies:
      "@babel/generator" "^7.16.0"
      "@babel/helper-module-imports" "^7.16.0"
      "@babel/types" "^7.16.0"
  
  "source-map-js@^1.0.2":
    "integrity" "sha512-R0XvVJ9WusLiqTCEiGCmICCMplcCkIwwR11mOSD9CR5u+IXYdiseeEuXCVAjS54zqwkLcPNnmU4OeJ6tUrWhDw=="
    "resolved" "https://registry.npmjs.org/source-map-js/-/source-map-js-1.0.2.tgz"
    "version" "1.0.2"
  
  "supports-color@^5.3.0":
    "integrity" "sha512-QjVjwdXIt408MIiAqCX4oUKsgU2EqAGzs2Ppkm4aQYbjm+ZEWEcW4SfFNTr4uMNZma0ey4f5lgLrkB0aX0QMow=="
    "resolved" "https://registry.npmjs.org/supports-color/-/supports-color-5.5.0.tgz"
    "version" "5.5.0"
    dependencies:
      "has-flag" "^3.0.0"
  
  "supports-preserve-symlinks-flag@^1.0.0":
    "integrity" "sha512-ot0WnXS9fgdkgIcePe6RHNk1WA8+muPa6cSjeR3V8K27q9BB1rTE3R1p7Hv0z1ZyAc8s6Vvv8DIyWf681MAt0w=="
    "resolved" "https://registry.npmjs.org/supports-preserve-symlinks-flag/-/supports-preserve-symlinks-flag-1.0.0.tgz"
    "version" "1.0.0"
  
  "tailwindcss@^3.0.24":
    "integrity" "sha512-H3uMmZNWzG6aqmg9q07ZIRNIawoiEcNFKDfL+YzOPuPsXuDXxJxB9icqzLgdzKNwjG3SAro2h9SYav8ewXNgig=="
    "resolved" "https://registry.npmjs.org/tailwindcss/-/tailwindcss-3.0.24.tgz"
    "version" "3.0.24"
    dependencies:
      "arg" "^5.0.1"
      "chokidar" "^3.5.3"
      "color-name" "^1.1.4"
      "detective" "^5.2.0"
      "didyoumean" "^1.2.2"
      "dlv" "^1.1.3"
      "fast-glob" "^3.2.11"
      "glob-parent" "^6.0.2"
      "is-glob" "^4.0.3"
      "lilconfig" "^2.0.5"
      "normalize-path" "^3.0.0"
      "object-hash" "^3.0.0"
      "picocolors" "^1.0.0"
      "postcss" "^8.4.12"
      "postcss-js" "^4.0.0"
      "postcss-load-config" "^3.1.4"
      "postcss-nested" "5.0.6"
      "postcss-selector-parser" "^6.0.10"
      "postcss-value-parser" "^4.2.0"
      "quick-lru" "^5.1.1"
      "resolve" "^1.22.0"
  
  "to-fast-properties@^2.0.0":
    "integrity" "sha1-3F5pjL0HkmW8c+A3doGk5Og/YW4="
    "resolved" "https://registry.npmjs.org/to-fast-properties/-/to-fast-properties-2.0.0.tgz"
    "version" "2.0.0"
  
  "to-regex-range@^5.0.1":
    "integrity" "sha512-65P7iz6X5yEr1cwcgvQxbbIw7Uk3gOy5dIdtZ4rDveLqhrdJP+Li/Hx6tyK0NEb+2GCyneCMJiGqrADCSNk8sQ=="
    "resolved" "https://registry.npmjs.org/to-regex-range/-/to-regex-range-5.0.1.tgz"
    "version" "5.0.1"
    dependencies:
      "is-number" "^7.0.0"
  
  "ts-toolbelt@^9.6.0":
    "integrity" "sha512-nsZd8ZeNUzukXPlJmTBwUAuABDe/9qtVDelJeT/qW0ow3ZS3BsQJtNkan1802aM9Uf68/Y8ljw86Hu0h5IUW3w=="
    "resolved" "https://registry.npmjs.org/ts-toolbelt/-/ts-toolbelt-9.6.0.tgz"
    "version" "9.6.0"
  
  "util-deprecate@^1.0.2":
    "integrity" "sha1-RQ1Nyfpw3nMnYvvS1KKJgUGaDM8="
    "resolved" "https://registry.npmjs.org/util-deprecate/-/util-deprecate-1.0.2.tgz"
    "version" "1.0.2"
  
  "vite-plugin-solid@^2.2.6":
    "integrity" "sha512-J1RnmqkZZJSNYDW7vZj0giKKHLWGr9tS/gxR70WDSTYfhyXrgukbZdIfSEFbtrsg8ZiQ2t2zXcvkWoeefenqKw=="
    "resolved" "https://registry.npmjs.org/vite-plugin-solid/-/vite-plugin-solid-2.2.6.tgz"
    "version" "2.2.6"
    dependencies:
      "@babel/core" "^7.16.12"
      "@babel/preset-typescript" "^7.16.7"
      "babel-preset-solid" "^1.3.0"
      "merge-anything" "^5.0.2"
      "solid-js" "^1.3.3"
      "solid-refresh" "^0.4.0"
      "vite" "^2.8.0"
  
  "vite@^2.8.0", "vite@^2.9.9":
    "integrity" "sha512-TwZRuSMYjpTurLqXspct+HZE7ONiW9d+wSWgvADGxhDPPyoIcNywY+RX4ng+QpK30DCa1l/oZgi2PLZDibhzbQ=="
    "resolved" "https://registry.npmjs.org/vite/-/vite-2.9.10.tgz"
    "version" "2.9.10"
    dependencies:
      "esbuild" "^0.14.27"
      "postcss" "^8.4.13"
      "resolve" "^1.22.0"
      "rollup" "^2.59.0"
    optionalDependencies:
      "fsevents" "~2.3.2"
  
  "xtend@^4.0.2":
    "integrity" "sha512-LKYU1iAXJXUgAXn9URjiu+MWhyUXHsvfp7mcuYm9dSUKK0/CjtrUwFAxD82/mCWbtLsGjFIad0wIsod4zrTAEQ=="
    "resolved" "https://registry.npmjs.org/xtend/-/xtend-4.0.2.tgz"
    "version" "4.0.2"
  
  "yaml@^1.10.2":
    "integrity" "sha512-r3vXyErRCYJ7wg28yvBY5VSoAF8ZvlcW9/BwUzEtUsjvX/DKs24dIkuwjtuprwJJHsbyUbLApepYTR1BN4uHrg=="
    "resolved" "https://registry.npmjs.org/yaml/-/yaml-1.10.2.tgz"
    "version" "1.10.2"
